android/app/build/outputs/mapping/release/seeds.txt
com.tamarcosmetics.MainActivity
com.tamarcosmetics.MainApplication
com.tamarcosmetics.MainActivity: MainActivity()
com.tamarcosmetics.MainApplication: MainApplication()
...
com.onesignal.inAppMessages.internal.InAppMessagesManager$showMultiplePrompts$1: java.lang.Object L$2
com.onesignal.core.R$dimen: int abc_action_button_min_width_material
com.facebook.fbreact.specs.NativeFrameRateLoggerSpec: java.lang.String NAME
com.facebook.react.bridge.JavaMethodWrapper: com.facebook.react.bridge.JavaMethodWrapper$ArgumentExtractor ARGUMENT_EXTRACTOR_BOOLEAN
com.onesignal.core.internal.operations.impl.OperationRepo$waitForNewOperationAndExecutionInterval$1: java.lang.Object result
com.onesignal.core.internal.permissions.impl.RequestPermissionService: boolean fallbackToSettings
com.facebook.react.uimanager.UIManagerModule: java.lang.String TAG
com.onesignal.inAppMessages.internal.repositories.impl.InAppRepository$listInAppMessages$1: java.lang.Object result
com.onesignal.notifications.R$id: int textSpacerNoButtons
com.onesignal.notifications.internal.data.impl.NotificationRepository$getGroupId$2: kotlin.jvm.internal.Ref$ObjectRef $groupId
com.onesignal.session.internal.outcomes.impl.OutcomeEvent: org.json.JSONArray notificationIds
com.onesignal.location.internal.permissions.LocationPermissionController: java.lang.String PERMISSION_TYPE
com.onesignal.session.internal.outcomes.impl.OutcomeEvent: java.lang.String SESSION
com.onesignal.core.internal.application.impl.ApplicationService: com.onesignal.common.events.EventProducer systemConditionNotifier
com.onesignal.inAppMessages.internal.InAppMessageClickResult: com.onesignal.inAppMessages.internal.InAppMessageTag tags
com.onesignal.inAppMessages.internal.display.impl.InAppMessageView$updateHeight$2: int $pageHeight
com.onesignal.inAppMessages.internal.display.impl.DraggableRelativeLayout: int EXTRA_PX_DISMISS
com.onesignal.user.internal.operations.impl.executors.UpdateUserOperationExecutor: com.onesignal.common.consistency.models.IConsistencyManager _consistencyManager
com.onesignal.core.internal.config.impl.ConfigModelStoreListener: com.onesignal.core.internal.config.impl.ConfigModelStoreListener$Companion Companion
com.onesignal.notifications.internal.limiting.impl.NotificationLimitManager$clearOldestOverLimitStandard$1: java.lang.Object L$0
com.onesignal.core.internal.config.impl.ConfigModelStoreListener$fetchParams$1: int I$0
com.onesignal.inAppMessages.internal.display.impl.DraggableRelativeLayout: boolean draggingDisabled
com.onesignal.notifications.internal.registration.impl.PushRegistratorFCM: com.onesignal.core.internal.application.IApplicationService _applicationService
com.onesignal.notifications.R$id: int parentPanel
com.onesignal.user.internal.operations.impl.executors.LoginUserFromSubscriptionOperationExecutor$loginUser$1: java.lang.Object L$1
com.onesignal.notifications.services.ADMMessageHandlerJob$onRegistered$1: kotlin.jvm.internal.Ref$ObjectRef $registerer
com.onesignal.notifications.R$string: int common_google_play_services_enable_button
com.facebook.react.views.text.ReactTextViewManager: short TX_STATE_KEY_PARAGRAPH_ATTRIBUTES
com.facebook.react.animated.NativeAnimatedModule: int mNumNonFabricAnimations
com.facebook.react.modules.network.NetworkingModule: java.lang.String TAG
com.onesignal.notifications.BackgroundImageLayout: java.lang.String bodyTextColor
com.onesignal.notifications.internal.badges.impl.shortcutbadger.impl.SonyHomeBadger: java.lang.String PROVIDER_COLUMNS_ACTIVITY_NAME
com.onesignal.user.internal.operations.impl.executors.LoginUserOperationExecutor$WhenMappings: int[] $EnumSwitchMapping$1
com.onesignal.common.modeling.Model: com.onesignal.common.modeling.Model _parentModel
com.onesignal.common.consistency.impl.ConsistencyManager$setRywToken$1: java.lang.Object L$2
com.onesignal.inAppMessages.internal.display.impl.InAppDisplayer$showMessageContent$1: java.lang.Object L$1
com.onesignal.notifications.internal.data.impl.NotificationRepository$listNotificationsForOutstanding$1: com.onesignal.notifications.internal.data.impl.NotificationRepository this$0