android/app/build/outputs/mapping/release/usage.txt
com.tamarcosmetics.BuildConfig
com.tamarcosmetics.R$drawable
com.tamarcosmetics.R$integer
com.tamarcosmetics.R$mipmap
com.tamarcosmetics.R$string
com.tamarcosmetics.R$style
com.tamarcosmetics.R
com.tamarcosmetics.MainActivity:
    public static com.facebook.react.defaults.DefaultReactActivityDelegate createReactActivityDelegate()
    public static java.lang.String getMainComponentName()
com.tamarcosmetics.MainApplication$reactNativeHost$1:
    public final boolean isHermesEnabled
    public final boolean isNewArchEnabled
    public void <init>(com.tamarcosmetics.MainApplication)
    public final com.facebook.react.JSEngineResolutionAlgorithm getJSEngineResolutionAlgorithm()
    public final java.lang.String getJSMainModuleName()
    public final com.facebook.react.defaults.DefaultTurboModuleManagerDelegate$Builder getReactPackageTurboModuleManagerDelegateBuilder()
    public final com.facebook.react.bridge.UIManagerProvider getUIManagerProvider()
    public final boolean getUseDeveloperSupport()
    public static java.lang.Boolean isHermesEnabled()
    public static boolean isNewArchEnabled()
    public static com.facebook.react.ReactHost toReactHost$ReactAndroid_release()
com.tamarcosmetics.MainApplication:
    public final com.facebook.react.ReactHost getReactHost()
    public final com.facebook.react.ReactNativeHost getReactNativeHost()
...
okhttp3.internal.ws.WebSocketProtocol:
    public static final java.lang.String ACCEPT_MAGIC
    public static final int B0_FLAG_FIN
    public static final int B0_FLAG_RSV1
    public static final int B0_FLAG_RSV2
    public static final int B0_FLAG_RSV3
    public static final int B0_MASK_OPCODE
    public static final int B1_FLAG_MASK
    public static final int B1_MASK_LENGTH
    public static final int CLOSE_CLIENT_GOING_AWAY
    public static final long CLOSE_MESSAGE_MAX
    public static final int CLOSE_NO_STATUS_CODE
    public static final int OPCODE_BINARY
    public static final int OPCODE_CONTINUATION
    public static final int OPCODE_CONTROL_CLOSE
    public static final int OPCODE_CONTROL_PING
    public static final int OPCODE_CONTROL_PONG
    public static final int OPCODE_FLAG_CONTROL
    public static final int OPCODE_TEXT
    public static final long PAYLOAD_BYTE_MAX
    public static final int PAYLOAD_LONG
    public static final int PAYLOAD_SHORT
    public static final long PAYLOAD_SHORT_MAX
    public final java.lang.String acceptHeader(java.lang.String)
okhttp3.internal.ws.WebSocketReader:
    public final okio.BufferedSource getSource()
okhttp3.internal.ws.WebSocketWriter:
    public final java.util.Random getRandom()
    public final okio.BufferedSink getSink()
okio.-Base64:
    public static final byte[] getBASE64()
    public static final byte[] getBASE64_URL_SAFE()
okio.-DeflaterSinkExtensions
okio.-DeprecatedOkio
okio.-DeprecatedUpgrade
okio.-DeprecatedUtf8
okio.-GzipSinkExtensions
okio.-GzipSourceExtensions
okio.-InflaterSourceExtensions
okio.-Platform:
    public static final java.lang.Object synchronized(java.lang.Object,kotlin.jvm.functions.Function0)
okio.-Util:
    public static final int and(byte,int)
    public static final long and(byte,long)
    public static final long and(int,long)
    public static final int leftRotate(int,int)
    public static final long minOf(int,long)
    public static final long minOf(long,int)
    public static final long reverseBytes(long)
    public static final long rightRotate(long,int)
    public static final int shl(byte,int)
    public static final int shr(byte,int)
    public static final java.lang.String toHexString(long)
okio.AsyncTimeout:
    private static final int TIMEOUT_WRITE_SIZE
    public static final synthetic long access$getTimeoutAt$p(okio.AsyncTimeout)
    public final java.lang.Object withTimeout(kotlin.jvm.functions.Function0)
okio.Buffer$UnsafeCursor:
    public final long expandBuffer(int)